Dataset loaded in 15 msec.
*.
optimization finished, #iter = 6
nSV = 640
*.
optimization finished, #iter = 6
nSV = 702
*.
optimization finished, #iter = 6
nSV = 597
*.
optimization finished, #iter = 7
nSV = 631
*.
optimization finished, #iter = 6
nSV = 649
*.
optimization finished, #iter = 6
nSV = 710
*.
optimization finished, #iter = 6
nSV = 751
*.
optimization finished, #iter = 6
nSV = 671
*.
optimization finished, #iter = 8
nSV = 644
*.
optimization finished, #iter = 6
nSV = 720
*.
optimization finished, #iter = 6
nSV = 561
*.
optimization finished, #iter = 6
nSV = 601
*.
optimization finished, #iter = 6
nSV = 623
*.
optimization finished, #iter = 6
nSV = 663
*.
optimization finished, #iter = 6
nSV = 654
*.
optimization finished, #iter = 6
nSV = 739
*.
optimization finished, #iter = 6
nSV = 715
*.
optimization finished, #iter = 6
nSV = 515
*.
optimization finished, #iter = 6
nSV = 713
*.
optimization finished, #iter = 6
nSV = 635
*.
optimization finished, #iter = 6
nSV = 747
*.
optimization finished, #iter = 6
nSV = 621
*.
optimization finished, #iter = 6
nSV = 705
*.
optimization finished, #iter = 6
nSV = 648
*.
optimization finished, #iter = 6
nSV = 641
Finished in 96 msec.
Dataset loaded in 21 msec.
Finished in 6 msec.
12/50=24%
6/50=12%
31/50=62%
31/50=62%
14/50=28%
12/50=24%
0/50=0%
8/50=16%
12/39=30.7692%
8/50=16%
1/50=2%
8/50=16%
5/50=10%
32/50=64%
7/50=14%
35/50=70%
0/50=0%
3/44=6.81818%
22/50=44%
15/50=30%
0/50=0%
15/50=30%
13/50=26%
1/50=2%
34/50=68%
Overall accuracy = 26.3585
Average accuracy = 26.3035
