Dataset loaded in 17 msec.
*.
optimization finished, #iter = 7
nSV = 664
*.
optimization finished, #iter = 6
nSV = 558
*.
optimization finished, #iter = 6
nSV = 662
*.
optimization finished, #iter = 6
nSV = 648
*.
optimization finished, #iter = 6
nSV = 723
*.
optimization finished, #iter = 6
nSV = 621
*.
optimization finished, #iter = 6
nSV = 689
*.
optimization finished, #iter = 7
nSV = 647
*.
optimization finished, #iter = 7
nSV = 597
*.
optimization finished, #iter = 6
nSV = 722
*.
optimization finished, #iter = 7
nSV = 568
*.
optimization finished, #iter = 6
nSV = 605
*.
optimization finished, #iter = 6
nSV = 745
*.
optimization finished, #iter = 6
nSV = 664
*.
optimization finished, #iter = 7
nSV = 594
*.
optimization finished, #iter = 7
nSV = 592
*.
optimization finished, #iter = 6
nSV = 611
*.
optimization finished, #iter = 6
nSV = 670
*.
optimization finished, #iter = 7
nSV = 640
*.
optimization finished, #iter = 6
nSV = 511
*.
optimization finished, #iter = 6
nSV = 650
*.
optimization finished, #iter = 6
nSV = 553
*.
optimization finished, #iter = 6
nSV = 539
*.
optimization finished, #iter = 7
nSV = 561
*.
optimization finished, #iter = 6
nSV = 596
Finished in 105 msec.
Dataset loaded in 18 msec.
Finished in 9 msec.
11/50=22%
1/50=2%
30/50=60%
20/50=40%
0/50=0%
13/50=26%
3/50=6%
12/50=24%
11/50=22%
37/50=74%
4/38=10.5263%
14/50=28%
0/50=0%
30/50=60%
6/37=16.2162%
12/50=24%
14/50=28%
13/50=26%
4/50=8%
3/38=7.89474%
36/48=75%
21/50=42%
13/50=26%
10/50=20%
9/50=18%
Overall accuracy = 27.0025
Average accuracy = 26.6255
