Dataset loaded in 14 msec.
*.
optimization finished, #iter = 7
nSV = 683
*.
optimization finished, #iter = 6
nSV = 660
*.
optimization finished, #iter = 6
nSV = 700
*.
optimization finished, #iter = 6
nSV = 549
*.
optimization finished, #iter = 6
nSV = 647
*.
optimization finished, #iter = 6
nSV = 776
*.
optimization finished, #iter = 6
nSV = 670
*.
optimization finished, #iter = 6
nSV = 563
*.
optimization finished, #iter = 6
nSV = 759
*.
optimization finished, #iter = 7
nSV = 690
*.
optimization finished, #iter = 6
nSV = 661
*.
optimization finished, #iter = 6
nSV = 679
*.
optimization finished, #iter = 6
nSV = 504
*.
optimization finished, #iter = 6
nSV = 632
*.
optimization finished, #iter = 6
nSV = 671
*.
optimization finished, #iter = 6
nSV = 694
*.
optimization finished, #iter = 6
nSV = 692
*.
optimization finished, #iter = 7
nSV = 660
*.
optimization finished, #iter = 6
nSV = 726
*.
optimization finished, #iter = 6
nSV = 704
*.
optimization finished, #iter = 6
nSV = 661
*.
optimization finished, #iter = 6
nSV = 777
*.
optimization finished, #iter = 6
nSV = 653
*.
optimization finished, #iter = 7
nSV = 618
*.
optimization finished, #iter = 7
nSV = 623
Finished in 105 msec.
Dataset loaded in 13 msec.
Finished in 5 msec.
16/50=32%
5/50=10%
13/50=26%
1/50=2%
17/50=34%
1/50=2%
4/50=8%
12/50=24%
6/50=12%
14/50=28%
6/50=12%
9/50=18%
8/50=16%
3/38=7.89474%
21/50=42%
1/21=4.7619%
14/50=28%
8/50=16%
12/50=24%
37/48=77.0833%
9/50=18%
5/50=10%
16/50=32%
5/50=10%
20/39=51.2821%
Overall accuracy = 21.99
Average accuracy = 21.8009
