Dataset loaded in 22 msec.
*.
optimization finished, #iter = 6
nSV = 611
*.
optimization finished, #iter = 7
nSV = 673
*.
optimization finished, #iter = 6
nSV = 611
*.
optimization finished, #iter = 6
nSV = 685
*.
optimization finished, #iter = 6
nSV = 684
*.
optimization finished, #iter = 6
nSV = 759
*.
optimization finished, #iter = 6
nSV = 654
*.
optimization finished, #iter = 6
nSV = 676
*.
optimization finished, #iter = 6
nSV = 763
*.
optimization finished, #iter = 6
nSV = 739
*.
optimization finished, #iter = 5
nSV = 621
*.
optimization finished, #iter = 6
nSV = 714
*.
optimization finished, #iter = 6
nSV = 631
*.
optimization finished, #iter = 6
nSV = 752
*.
optimization finished, #iter = 6
nSV = 580
*.
optimization finished, #iter = 7
nSV = 635
*.
optimization finished, #iter = 6
nSV = 680
*.
optimization finished, #iter = 6
nSV = 538
*.
optimization finished, #iter = 6
nSV = 733
*.
optimization finished, #iter = 6
nSV = 623
*.
optimization finished, #iter = 6
nSV = 770
*.
optimization finished, #iter = 6
nSV = 570
*.
optimization finished, #iter = 6
nSV = 701
*.
optimization finished, #iter = 6
nSV = 621
*.
optimization finished, #iter = 6
nSV = 651
Finished in 95 msec.
Dataset loaded in 14 msec.
Finished in 6 msec.
0/50=0%
6/39=15.3846%
1/50=2%
19/50=38%
10/50=20%
3/50=6%
2/50=4%
11/50=22%
5/50=10%
15/50=30%
10/50=20%
35/50=70%
4/38=10.5263%
2/50=4%
1/44=2.27273%
11/50=22%
0/21=0%
3/38=7.89474%
5/50=10%
14/50=28%
2/50=4%
17/50=34%
16/50=32%
6/50=12%
14/50=28%
Overall accuracy = 17.9661
Average accuracy = 17.2831
